GROUP,PACKAGE,CLASS,INSTRUCTION_MISSED,INSTRUCTION_COVERED,BRANCH_MISSED,BRANCH_COVERED,LINE_MISSED,LINE_COVERED,COMPLEXITY_MISSED,COMPLEXITY_COVERED,METHOD_MISSED,METHOD_COVERED
JaCoCo Report Aggregate/security-service,com.example.securityservice.controller,AuthController,230,0,12,0,43,0,14,0,8,0
JaCoCo Report Aggregate/security-service,com.example.securityservice.config,SecurityConfig,61,0,0,0,17,0,9,0,9,0
JaCoCo Report Aggregate/security-service,com.example.securityservice.loader,DataLoader,166,0,4,0,34,0,6,0,4,0
JaCoCo Report Aggregate/security-service,com.example.securityservice.service,JwtService,139,0,0,0,43,0,7,0,7,0
JaCoCo Report Aggregate/security-service,com.example.securityservice.service,PymeService,11,0,0,0,2,0,2,0,2,0
JaCoCo Report Aggregate/security-service,com.example.securityservice.service,UserService,277,0,2,0,69,0,14,0,13,0
JaCoCo Report Aggregate/security-service,com.example.securityservice.service,BlacklistedTokenService,21,0,0,0,6,0,3,0,3,0
JaCoCo Report Aggregate/security-service,com.example.securityservice,SecurityServiceApplication,8,0,0,0,3,0,2,0,2,0
JaCoCo Report Aggregate/security-service,com.example.securityservice.dto,UserDTO,52,0,0,0,22,0,15,0,15,0
JaCoCo Report Aggregate/security-service,com.example.securityservice.dto,PymeDTO,80,0,0,0,34,0,23,0,23,0
JaCoCo Report Aggregate/security-service,com.example.securityservice.model,BlacklistedToken,17,0,0,0,7,0,5,0,5,0
JaCoCo Report Aggregate/security-service,com.example.securityservice.model,AuthResponseUser,42,0,0,0,18,0,8,0,8,0
JaCoCo Report Aggregate/security-service,com.example.securityservice.model,User,88,0,2,0,33,0,19,0,18,0
JaCoCo Report Aggregate/security-service,com.example.securityservice.model,Pyme,45,0,0,0,19,0,13,0,13,0
JaCoCo Report Aggregate/security-service,com.example.securityservice.model,AuthResponse,52,0,0,0,22,0,10,0,10,0
JaCoCo Report Aggregate/security-service,com.example.securityservice.model,AuthRequest,17,0,0,0,7,0,5,0,5,0
JaCoCo Report Aggregate/security-service,com.example.securityservice.model,UserRole,61,0,4,0,19,0,10,0,8,0
JaCoCo Report Aggregate/security-service,com.example.securityservice.model,UserRoleId,73,0,10,0,16,0,13,0,8,0
JaCoCo Report Aggregate/api-gateway,com.example.apigateway.config,GatewayConfig,233,0,0,0,32,0,13,0,13,0
JaCoCo Report Aggregate/api-gateway,com.example.apigateway.filter,LoggingFilter.Config,3,0,0,0,1,0,1,0,1,0
JaCoCo Report Aggregate/api-gateway,com.example.apigateway.filter,LoggingFilter,33,0,0,0,8,0,4,0,4,0
JaCoCo Report Aggregate/api-gateway,com.example.apigateway,ApiGatewayApplication,13,0,0,0,5,0,3,0,3,0
JaCoCo Report Aggregate/api-gateway,com.example.apigateway.security,AuthFilter.AuthValidationResponse,31,0,0,0,13,0,9,0,9,0
JaCoCo Report Aggregate/api-gateway,com.example.apigateway.security,AuthFilter.Config,16,0,0,0,8,0,4,0,4,0
JaCoCo Report Aggregate/api-gateway,com.example.apigateway.security,AuthFilter,310,0,16,0,61,0,16,0,8,0
JaCoCo Report Aggregate/services-api,com.example.servicesapi.controller,ProfileController,81,0,2,0,23,0,4,0,3,0
JaCoCo Report Aggregate/services-api,com.example.servicesapi.controller,ServiceController,169,0,4,0,40,0,11,0,9,0
JaCoCo Report Aggregate/services-api,com.example.servicesapi.controller,PublicServicesController,173,0,0,0,43,0,13,0,13,0
JaCoCo Report Aggregate/services-api,com.example.servicesapi.controller,ServiceRequestController,267,0,22,0,54,0,24,0,13,0
JaCoCo Report Aggregate/services-api,com.example.servicesapi.config,SecurityConfig,13,0,0,0,5,0,2,0,2,0
JaCoCo Report Aggregate/services-api,com.example.servicesapi.model,Pyme,45,0,0,0,19,0,13,0,13,0
JaCoCo Report Aggregate/services-api,com.example.servicesapi.model,ServiceRequest,94,0,0,0,40,0,22,0,22,0
JaCoCo Report Aggregate/services-api,com.example.servicesapi.model,ServiceModel,130,0,0,0,42,0,20,0,20,0
JaCoCo Report Aggregate/services-api,com.example.servicesapi.model,User,53,0,0,0,23,0,12,0,12,0
JaCoCo Report Aggregate/services-api,com.example.servicesapi,ServicesApiApplication,8,0,0,0,3,0,2,0,2,0
JaCoCo Report Aggregate/services-api,com.example.servicesapi.service,PymeService,73,0,2,0,19,0,6,0,5,0
JaCoCo Report Aggregate/services-api,com.example.servicesapi.service,ServiceRequestService,454,0,26,0,84,0,40,0,27,0
JaCoCo Report Aggregate/services-api,com.example.servicesapi.service,UserService,34,0,0,0,8,0,7,0,7,0
JaCoCo Report Aggregate/services-api,com.example.servicesapi.service,ServiceService,235,0,16,0,45,0,28,0,20,0
JaCoCo Report Aggregate/services-api,com.example.servicesapi.dto,FinalizeRequestDTO,17,0,0,0,7,0,5,0,5,0
JaCoCo Report Aggregate/services-api,com.example.servicesapi.dto,UserProfileDTO,38,0,0,0,16,0,11,0,11,0
JaCoCo Report Aggregate/services-api,com.example.servicesapi.dto,ServiceDetailsDTO,17,0,0,0,7,0,5,0,5,0
JaCoCo Report Aggregate/services-api,com.example.servicesapi.dto,ServiceRequestDTO,53,0,0,0,22,0,11,0,11,0
JaCoCo Report Aggregate/services-api,com.example.servicesapi.dto,PymeDTO,45,0,0,0,19,0,13,0,13,0
JaCoCo Report Aggregate/services-api,com.example.servicesapi.dto,PymeProfileDTO,38,0,0,0,16,0,11,0,11,0
JaCoCo Report Aggregate/services-api,com.example.servicesapi.dto,ServiceDTO,80,0,0,0,34,0,23,0,23,0
JaCoCo Report Aggregate/services-api,com.example.servicesapi.loader,DataLoader,161,0,14,0,37,0,11,0,4,0
JaCoCo Report Aggregate/eureka-server,com.example.eurekaserver,EurekaServerApplication,8,0,0,0,3,0,2,0,2,0
